<?xml version="1.0" encoding="UTF-8"?>
<!-- Generated by org.testng.reporters.JUnitReportReporter -->
<testsuite hostname="albert-HP-ProBook-450-G4" failures="0" tests="1" name="com.leadpops.testCases.TC_LandingTest_001" time="18.951" errors="0" timestamp="2022-03-19T00:21:59 EAT" skipped="0">
  <testcase classname="com.leadpops.testCases.TC_LandingTest_001" name="homePageTest" time="18.951"/>
  <system-out/>
</testsuite> <!-- com.leadpops.testCases.TC_LandingTest_001 -->
